[debug] [2018-09-08T19:53:40.621Z] ----------------------------------------------------------------------
[debug] [2018-09-08T19:53:40.639Z] Command:       C:\Program Files\nodejs\node.exe C:\Users\ACS\AppData\Roaming\npm\node_modules\firebase-tools\bin\firebase init
[debug] [2018-09-08T19:53:40.639Z] CLI Version:   4.2.1
[debug] [2018-09-08T19:53:40.639Z] Platform:      win32
[debug] [2018-09-08T19:53:40.639Z] Node Version:  v8.11.3
[debug] [2018-09-08T19:53:40.640Z] Time:          Sun Sep 09 2018 00:53:40 GMT+0500 (Pakistan Standard Time)
[debug] [2018-09-08T19:53:40.640Z] ----------------------------------------------------------------------
[debug] 
[debug] [2018-09-08T19:53:40.806Z] > command requires scopes: ["email","openid","https://www.googleapis.com/auth/cloudplatformprojects.readonly","https://www.googleapis.com/auth/firebase"]
[debug] [2018-09-08T19:53:40.807Z] > authorizing via signed-in user
[info] 
     ######## #### ########  ######## ########     ###     ######  ########
     ##        ##  ##     ## ##       ##     ##  ##   ##  ##       ##
     ######    ##  ########  ######   ########  #########  ######  ######
     ##        ##  ##    ##  ##       ##     ## ##     ##       ## ##
     ##       #### ##     ## ######## ########  ##     ##  ######  ########

You're about to initialize a Firebase project in this directory:

  E:\Mobile an Web Development\Bootcamp\OLX\Main\client

Before we get started, keep in mind:

  * You are initializing in an existing Firebase project directory

[info] 
=== Project Setup
[info] 
[info] First, let's associate this project directory with a Firebase project.
[info] You can create multiple project aliases by running firebase use --add, 
[info] but for now we'll just set up a default project.
[info] 
[debug] [2018-09-08T19:54:24.667Z] > refreshing access token with scopes: ["email","https://www.googleapis.com/auth/cloudplatformprojects.readonly","https://www.googleapis.com/auth/firebase","openid"]
[debug] [2018-09-08T19:54:24.668Z] >>> HTTP REQUEST POST https://www.googleapis.com/oauth2/v3/token  

[debug] [2018-09-08T19:54:26.245Z] <<< HTTP RESPONSE 200
[debug] [2018-09-08T19:54:26.360Z] >>> HTTP REQUEST GET https://admin.firebase.com/v1/projects  
 
[debug] [2018-09-08T19:54:29.153Z] <<< HTTP RESPONSE 200
[info] i  .firebaserc already has a default project, skipping
[info] 
=== Hosting Setup
[info] 
[info] Your public directory is the folder (relative to your project directory) that
[info] will contain Hosting assets to be uploaded with firebase deploy. If you
[info] have a build process for your assets, use your build's output directory.
[info] 
